-------------------------------------------------------------------------------
Test set: project.GameServerTest
-------------------------------------------------------------------------------
Tests run: 29, Failures: 1, Errors: 0, Skipped: 0, Time elapsed: 0.042 s <<< FAILURE! - in project.GameServerTest
Test82  Time elapsed: 0.007 s  <<< FAILURE!
java.lang.AssertionError: expected:<300> but was:<1100>
	at project.GameServerTest.Test82(GameServerTest.java:416)

