<?xml version="1.0" encoding="UTF-8"?>
<testsuite xmlns:xsi="http://www.w3.org/2001/XMLSchema-instance" xsi:noNamespaceSchemaLocation="https://maven.apache.org/surefire/maven-surefire-plugin/xsd/surefire-test-report.xsd" name="project.GameServerTest" time="0.025" tests="11" errors="0" skipped="0" failures="0">
  <properties>
[...]
</properties>
  <testcase name="Test45" classname="project.GameServerTest" time="0.011"/>
  <testcase name="Test46" classname="project.GameServerTest" time="0"/>
  <testcase name="Test47" classname="project.GameServerTest" time="0.001"/>
  <testcase name="Test48" classname="project.GameServerTest" time="0.001"/>
  <testcase name="Test50" classname="project.GameServerTest" time="0"/>
  <testcase name="Test52" classname="project.GameServerTest" time="0"/>
  <testcase name="Test53" classname="project.GameServerTest" time="0"/>
  <testcase name="Test54" classname="project.GameServerTest" time="0.001"/>
  <testcase name="Test55" classname="project.GameServerTest" time="0"/>
  <testcase name="Test56" classname="project.GameServerTest" time="0"/>
  <testcase name="Test57" classname="project.GameServerTest" time="0"/>
</testsuite>